<?xml version="1.0" encoding="UTF-8"?>
<testsuite name="PieceTests" tests="2" skipped="0" failures="0" errors="0" timestamp="2024-12-04T17:25:13" hostname="lmde5" time="0.009">
  <properties/>
  <testcase name="testConstructorParametrizedCreated" classname="PieceTests" time="0.007"/>
  <testcase name="pieceTypeFieldTest" classname="PieceTests" time="0.001"/>
  <system-out><![CDATA[]]></system-out>
  <system-err><![CDATA[]]></system-err>
</testsuite>
