<?xml version="1.0" encoding="UTF-8"?>
<testsuite name="CoordinateTests" tests="1" skipped="0" failures="0" errors="0" timestamp="2024-12-04T18:24:21" hostname="lmde5" time="0.008">
  <properties/>
  <testcase name="testSolution" classname="CoordinateTests" time="0.008"/>
  <system-out><![CDATA[]]></system-out>
  <system-err><![CDATA[]]></system-err>
</testsuite>
